Using pre-set license
Built from '2020.3/release' branch; Version is '2020.3.12f1 (b3b2c6512326) revision 11776710'; Using compiler version '192528614'; Build Type 'Release'
OS: 'Windows 10 Pro; OS build 19041.1052; Version 2004; 64bit' Language: 'ko' Physical Memory: 16333 MB
BatchMode: 1, IsHumanControllingUs: 0, StartBugReporterOnCrash: 0, Is64bit: 1, IsPro: 0

 COMMAND LINE ARGUMENTS:
C:\Program Files\2020.3.12f1\Editor\Unity.exe
-adb2
-batchMode
-noUpm
-name
AssetImportWorker0
-projectPath
C:/Users/aq123/Documents/학교/BCSD/유니티강의/Ruby's Adventure/BCSD_Ruby2D/Ruby
-logFile
Logs/AssetImportWorker0.log
-srvPort
11602
Successfully changed project path to: C:/Users/aq123/Documents/학교/BCSD/유니티강의/Ruby's Adventure/BCSD_Ruby2D/Ruby
C:/Users/aq123/Documents/학교/BCSD/유니티강의/Ruby's Adventure/BCSD_Ruby2D/Ruby
Using Asset Import Pipeline V2.
Refreshing native plugins compatible for Editor in 40.57 ms, found 3 plugins.
Preloading 0 native plugins for Editor in 0.00 ms.
Initialize engine version: 2020.3.12f1 (b3b2c6512326)
[Subsystems] Discovering subsystems at path C:/Program Files/2020.3.12f1/Editor/Data/Resources/UnitySubsystems
[Subsystems] Discovering subsystems at path C:/Users/aq123/Documents/학교/BCSD/유니티강의/Ruby's Adventure/BCSD_Ruby2D/Ruby/Assets
GfxDevice: creating device client; threaded=0
Direct3D:
    Version:  Direct3D 11.0 [level 11.1]
    Renderer: NVIDIA GeForce RTX 2060 (ID=0x1f08)
    Vendor:   
    VRAM:     5980 MB
    Driver:   27.21.14.6109
Initialize mono
Mono path[0] = 'C:/Program Files/2020.3.12f1/Editor/Data/Managed'
Mono path[1] = 'C:/Program Files/2020.3.12f1/Editor/Data/MonoBleedingEdge/lib/mono/unityjit'
Mono config path = 'C:/Program Files/2020.3.12f1/Editor/Data/MonoBleedingEdge/etc'
Using monoOptions --debugger-agent=transport=dt_socket,embedding=1,server=y,suspend=n,address=127.0.0.1:56932
Begin MonoManager ReloadAssembly
Registering precompiled unity dll's ...
Register platform support module: C:/Program Files/2020.3.12f1/Editor/Data/PlaybackEngines/WebGLSupport/UnityEditor.WebGL.Extensions.dll
Register platform support module: C:/Program Files/2020.3.12f1/Editor/Data/PlaybackEngines/WindowsStandaloneSupport/UnityEditor.WindowsStandalone.Extensions.dll
Registered in 0.003289 seconds.
Native extension for WindowsStandalone target not found
Native extension for WebGL target not found
Refreshing native plugins compatible for Editor in 42.43 ms, found 3 plugins.
Preloading 0 native plugins for Editor in 0.00 ms.
Mono: successfully reloaded assembly
- Completed reload, in  2.107 seconds
Platform modules already initialized, skipping
Registering precompiled user dll's ...
Registered in 0.005698 seconds.
Begin MonoManager ReloadAssembly
Native extension for WindowsStandalone target not found
Native extension for WebGL target not found
Refreshing native plugins compatible for Editor in 42.00 ms, found 3 plugins.
Preloading 0 native plugins for Editor in 0.00 ms.
Mono: successfully reloaded assembly
- Completed reload, in  1.015 seconds
Platform modules already initialized, skipping
========================================================================
Worker process is ready to serve import requests
Launched and connected shader compiler UnityShaderCompiler.exe after 0.05 seconds
Refreshing native plugins compatible for Editor in 0.50 ms, found 3 plugins.
Preloading 0 native plugins for Editor in 0.00 ms.
Unloading 2231 Unused Serialized files (Serialized files now loaded: 0)
System memory in use before: 98.4 MB.
System memory in use after: 98.5 MB.

Unloading 29 unused Assets to reduce memory usage. Loaded Objects now: 2671.
Total: 2.019200 ms (FindLiveObjects: 0.207100 ms CreateObjectMapping: 0.047800 ms MarkObjects: 1.706600 ms  DeleteObjects: 0.056400 ms)

AssetImportParameters requested are different than current active one (requested -> active):
  custom:framework-win-MediaFoundation: 216162199b28c13a410421893ffa2e32 -> 
  custom:video-decoder-ogg-theora: a1e56fd34408186e4bbccfd4996cb3dc -> 
  custom:container-muxer-webm: aa71ff27fc2769a1b78a27578f13a17b -> 
  custom:container-demuxer-webm: 4f35f7cbe854078d1ac9338744f61a02 -> 
  custom:container-demuxer-ogg: 62fdf1f143b41e24485cea50d1cbac27 -> 
  custom:video-encoder-webm-vp8: eb34c28f22e8b96e1ab97ce403110664 -> 
  custom:video-decoder-webm-vp8: 9c59270c3fd7afecdb556c50c9e8de78 -> 
  custom:audio-decoder-ogg-vorbis: bf7c407c2cedff20999df2af8eb42d56 -> 
  custom:audio-encoder-webm-vorbis: bf7c407c2cedff20999df2af8eb42d56 -> 
========================================================================
Received Import Request.
  path: Packages/com.unity.2d.pixel-perfect/Editor/Icons/Cinemachine.png
  artifactKey: Guid(8dafc8bde78edde44bf6e6aab96eb100) Importer(815301076,1909f56bfc062723c751e8b465ee728b)
Start importing Packages/com.unity.2d.pixel-perfect/Editor/Icons/Cinemachine.png using Guid(8dafc8bde78edde44bf6e6aab96eb100) Importer(815301076,1909f56bfc062723c751e8b465ee728b)  -> (artifact id: 'd62ddb27bc4b4a3692294f0b67cdf723') in 0.115569 seconds 
  Import took 0.119028 seconds .

========================================================================
Received Import Request.
  Time since last request: 0.000337 seconds.
  path: Packages/com.unity.cinemachine/Editor/EditorResources/Cinemachine_header.tif
  artifactKey: Guid(372fe04232d5ed94d8d71524616c1543) Importer(815301076,1909f56bfc062723c751e8b465ee728b)
Start importing Packages/com.unity.cinemachine/Editor/EditorResources/Cinemachine_header.tif using Guid(372fe04232d5ed94d8d71524616c1543) Importer(815301076,1909f56bfc062723c751e8b465ee728b)  -> (artifact id: 'fe05590ced1af5a15b2539f6e3a4ab15') in 0.017847 seconds 
  Import took 0.020988 seconds .

========================================================================
Received Import Request.
  Time since last request: 0.793347 seconds.
  path: Packages/com.unity.cinemachine/Runtime/Behaviours/Cinemachine3rdPersonAim.cs
  artifactKey: Guid(2588cc5dedbb75e49a44aada63f7b939) Importer(815301076,1909f56bfc062723c751e8b465ee728b)
Start importing Packages/com.unity.cinemachine/Runtime/Behaviours/Cinemachine3rdPersonAim.cs using Guid(2588cc5dedbb75e49a44aada63f7b939) Importer(815301076,1909f56bfc062723c751e8b465ee728b)  -> (artifact id: '5b542afe8c5bf81189d88f4171b4ae09') in 0.013048 seconds 
  Import took 0.016680 seconds .

========================================================================
Received Import Request.
  Time since last request: 23.707463 seconds.
  path: Packages/com.unity.cinemachine/Runtime/Behaviours/CinemachineBlendListCamera.cs
  artifactKey: Guid(53258ad9ad6e71e48bb8643c9522112e) Importer(815301076,1909f56bfc062723c751e8b465ee728b)
Start importing Packages/com.unity.cinemachine/Runtime/Behaviours/CinemachineBlendListCamera.cs using Guid(53258ad9ad6e71e48bb8643c9522112e) Importer(815301076,1909f56bfc062723c751e8b465ee728b)  -> (artifact id: '37e652c2bb832fa4e1ae0334aeb2c529') in 0.006547 seconds 
  Import took 0.010198 seconds .

========================================================================
Received Import Request.
  Time since last request: 0.000976 seconds.
  path: Packages/com.unity.cinemachine/Runtime/Behaviours/CinemachineBlendListCamera.cs
  artifactKey: Guid(53258ad9ad6e71e48bb8643c9522112e) Importer(815301076,1909f56bfc062723c751e8b465ee728b)
Start importing Packages/com.unity.cinemachine/Runtime/Behaviours/CinemachineBlendListCamera.cs using Guid(53258ad9ad6e71e48bb8643c9522112e) Importer(815301076,1909f56bfc062723c751e8b465ee728b)  -> (artifact id: '37e652c2bb832fa4e1ae0334aeb2c529') in 0.002577 seconds 
  Import took 0.005843 seconds .

========================================================================
Received Import Request.
  Time since last request: 0.276041 seconds.
  path: Packages/com.unity.cinemachine/Runtime/Behaviours/CinemachineBrain.cs
  artifactKey: Guid(72ece51f2901e7445ab60da3685d6b5f) Importer(815301076,1909f56bfc062723c751e8b465ee728b)
Start importing Packages/com.unity.cinemachine/Runtime/Behaviours/CinemachineBrain.cs using Guid(72ece51f2901e7445ab60da3685d6b5f) Importer(815301076,1909f56bfc062723c751e8b465ee728b)  -> (artifact id: '78154bf77eca20775cb545cc2d34e746') in 0.006679 seconds 
  Import took 0.010177 seconds .

========================================================================
Received Import Request.
  Time since last request: 0.322230 seconds.
  path: Packages/com.unity.cinemachine/Runtime/Behaviours/CinemachineCameraOffset.cs
  artifactKey: Guid(44d70cc20219cd84593f67d248eafe36) Importer(815301076,1909f56bfc062723c751e8b465ee728b)
Start importing Packages/com.unity.cinemachine/Runtime/Behaviours/CinemachineCameraOffset.cs using Guid(44d70cc20219cd84593f67d248eafe36) Importer(815301076,1909f56bfc062723c751e8b465ee728b)  -> (artifact id: 'a6f8014c83018ff792fb03ef4cb96dda') in 0.006192 seconds 
  Import took 0.009498 seconds .

========================================================================
Received Import Request.
  Time since last request: 0.000967 seconds.
  path: Packages/com.unity.cinemachine/Runtime/Behaviours/CinemachineCameraOffset.cs
  artifactKey: Guid(44d70cc20219cd84593f67d248eafe36) Importer(815301076,1909f56bfc062723c751e8b465ee728b)
Start importing Packages/com.unity.cinemachine/Runtime/Behaviours/CinemachineCameraOffset.cs using Guid(44d70cc20219cd84593f67d248eafe36) Importer(815301076,1909f56bfc062723c751e8b465ee728b)  -> (artifact id: 'a6f8014c83018ff792fb03ef4cb96dda') in 0.002433 seconds 
  Import took 0.005441 seconds .

========================================================================
Received Import Request.
  Time since last request: 0.248139 seconds.
  path: Packages/com.unity.cinemachine/Runtime/Behaviours/CinemachineClearShot.cs
  artifactKey: Guid(d62f748f5292bb343be9e6b0c84416d9) Importer(815301076,1909f56bfc062723c751e8b465ee728b)
Start importing Packages/com.unity.cinemachine/Runtime/Behaviours/CinemachineClearShot.cs using Guid(d62f748f5292bb343be9e6b0c84416d9) Importer(815301076,1909f56bfc062723c751e8b465ee728b)  -> (artifact id: '1c47720c80f5d23a8c0492772e8df948') in 0.006316 seconds 
  Import took 0.009857 seconds .

========================================================================
Received Import Request.
  Time since last request: 1.169320 seconds.
  path: Packages/com.unity.cinemachine/Runtime/Behaviours/CinemachineCollider.cs
  artifactKey: Guid(e501d18bb52cf8c40b1853ca4904654f) Importer(815301076,1909f56bfc062723c751e8b465ee728b)
Start importing Packages/com.unity.cinemachine/Runtime/Behaviours/CinemachineCollider.cs using Guid(e501d18bb52cf8c40b1853ca4904654f) Importer(815301076,1909f56bfc062723c751e8b465ee728b)  -> (artifact id: 'ade7caefa0271a8f9f1144d42f2af10c') in 0.006949 seconds 
  Import took 0.010921 seconds .

========================================================================
Received Import Request.
  Time since last request: 0.001271 seconds.
  path: Packages/com.unity.cinemachine/Runtime/Behaviours/CinemachineCollider.cs
  artifactKey: Guid(e501d18bb52cf8c40b1853ca4904654f) Importer(815301076,1909f56bfc062723c751e8b465ee728b)
Start importing Packages/com.unity.cinemachine/Runtime/Behaviours/CinemachineCollider.cs using Guid(e501d18bb52cf8c40b1853ca4904654f) Importer(815301076,1909f56bfc062723c751e8b465ee728b)  -> (artifact id: 'ade7caefa0271a8f9f1144d42f2af10c') in 0.002522 seconds 
  Import took 0.005967 seconds .

========================================================================
Received Import Request.
  Time since last request: 0.228144 seconds.
  path: Packages/com.unity.cinemachine/Runtime/Behaviours/CinemachineConfiner.cs
  artifactKey: Guid(a2fba25a5cd15594e8f050a11e386c80) Importer(815301076,1909f56bfc062723c751e8b465ee728b)
Start importing Packages/com.unity.cinemachine/Runtime/Behaviours/CinemachineConfiner.cs using Guid(a2fba25a5cd15594e8f050a11e386c80) Importer(815301076,1909f56bfc062723c751e8b465ee728b)  -> (artifact id: 'cab065f70226f027cba96a9134b33a3d') in 0.006206 seconds 
  Import took 0.009560 seconds .

========================================================================
Received Import Request.
  Time since last request: 1.011620 seconds.
  path: Packages/com.unity.cinemachine/Runtime/Behaviours/CinemachineDollyCart.cs
  artifactKey: Guid(99a9c787e5d1bbf48a389834c4a9641c) Importer(815301076,1909f56bfc062723c751e8b465ee728b)
Start importing Packages/com.unity.cinemachine/Runtime/Behaviours/CinemachineDollyCart.cs using Guid(99a9c787e5d1bbf48a389834c4a9641c) Importer(815301076,1909f56bfc062723c751e8b465ee728b)  -> (artifact id: '8640e633c52e07cfd1a38d576d487387') in 0.006326 seconds 
  Import took 0.009778 seconds .

========================================================================
Received Import Request.
  Time since last request: 0.001989 seconds.
  path: Packages/com.unity.cinemachine/Runtime/Behaviours/CinemachineDollyCart.cs
  artifactKey: Guid(99a9c787e5d1bbf48a389834c4a9641c) Importer(815301076,1909f56bfc062723c751e8b465ee728b)
Start importing Packages/com.unity.cinemachine/Runtime/Behaviours/CinemachineDollyCart.cs using Guid(99a9c787e5d1bbf48a389834c4a9641c) Importer(815301076,1909f56bfc062723c751e8b465ee728b)  -> (artifact id: '8640e633c52e07cfd1a38d576d487387') in 0.002205 seconds 
  Import took 0.005388 seconds .

========================================================================
Received Import Request.
  Time since last request: 0.240498 seconds.
  path: Packages/com.unity.cinemachine/Runtime/Behaviours/CinemachineExternalCamera.cs
  artifactKey: Guid(57744762d9079934292f57896d8193e0) Importer(815301076,1909f56bfc062723c751e8b465ee728b)
Start importing Packages/com.unity.cinemachine/Runtime/Behaviours/CinemachineExternalCamera.cs using Guid(57744762d9079934292f57896d8193e0) Importer(815301076,1909f56bfc062723c751e8b465ee728b)  -> (artifact id: '999f09c7c6a9b0170d707e7520346bd7') in 0.006667 seconds 
  Import took 0.010121 seconds .

========================================================================
Received Import Request.
  Time since last request: 0.001238 seconds.
  path: Packages/com.unity.cinemachine/Runtime/Behaviours/CinemachineExternalCamera.cs
  artifactKey: Guid(57744762d9079934292f57896d8193e0) Importer(815301076,1909f56bfc062723c751e8b465ee728b)
Start importing Packages/com.unity.cinemachine/Runtime/Behaviours/CinemachineExternalCamera.cs using Guid(57744762d9079934292f57896d8193e0) Importer(815301076,1909f56bfc062723c751e8b465ee728b)  -> (artifact id: '999f09c7c6a9b0170d707e7520346bd7') in 0.002125 seconds 
  Import took 0.004555 seconds .

========================================================================
Received Import Request.
  Time since last request: 0.231181 seconds.
  path: Packages/com.unity.cinemachine/Runtime/Behaviours/CinemachineFollowZoom.cs
  artifactKey: Guid(4700f9f03ad19f94baf0367cb7a9c988) Importer(815301076,1909f56bfc062723c751e8b465ee728b)
Start importing Packages/com.unity.cinemachine/Runtime/Behaviours/CinemachineFollowZoom.cs using Guid(4700f9f03ad19f94baf0367cb7a9c988) Importer(815301076,1909f56bfc062723c751e8b465ee728b)  -> (artifact id: 'c28dc9aeee93008d879683229109eb1a') in 0.005911 seconds 
  Import took 0.009248 seconds .

========================================================================
Received Import Request.
  Time since last request: 0.319304 seconds.
  path: Packages/com.unity.cinemachine/Runtime/Behaviours/CinemachineFreeLook.cs
  artifactKey: Guid(319d2fe34a804e245819465c9505ea59) Importer(815301076,1909f56bfc062723c751e8b465ee728b)
Start importing Packages/com.unity.cinemachine/Runtime/Behaviours/CinemachineFreeLook.cs using Guid(319d2fe34a804e245819465c9505ea59) Importer(815301076,1909f56bfc062723c751e8b465ee728b)  -> (artifact id: '3cb3a5e713f0a566677ed5c7f0bc2217') in 0.005892 seconds 
  Import took 0.009191 seconds .

========================================================================
Received Import Request.
  Time since last request: 0.238169 seconds.
  path: Packages/com.unity.cinemachine/Runtime/Behaviours/CinemachineMixingCamera.cs
  artifactKey: Guid(6c26251a3e1f5ac41afa5ffb404c5f71) Importer(815301076,1909f56bfc062723c751e8b465ee728b)
Start importing Packages/com.unity.cinemachine/Runtime/Behaviours/CinemachineMixingCamera.cs using Guid(6c26251a3e1f5ac41afa5ffb404c5f71) Importer(815301076,1909f56bfc062723c751e8b465ee728b)  -> (artifact id: '8f57ff44cb3197cce1f4af7a3321664a') in 0.006345 seconds 
  Import took 0.009699 seconds .

========================================================================
Received Import Request.
  Time since last request: 0.001202 seconds.
  path: Packages/com.unity.cinemachine/Runtime/Behaviours/CinemachineMixingCamera.cs
  artifactKey: Guid(6c26251a3e1f5ac41afa5ffb404c5f71) Importer(815301076,1909f56bfc062723c751e8b465ee728b)
Start importing Packages/com.unity.cinemachine/Runtime/Behaviours/CinemachineMixingCamera.cs using Guid(6c26251a3e1f5ac41afa5ffb404c5f71) Importer(815301076,1909f56bfc062723c751e8b465ee728b)  -> (artifact id: '8f57ff44cb3197cce1f4af7a3321664a') in 0.002340 seconds 
  Import took 0.005580 seconds .

========================================================================
Received Import Request.
  Time since last request: 0.196058 seconds.
  path: Packages/com.unity.cinemachine/Runtime/Behaviours/CinemachinePath.cs
  artifactKey: Guid(2d37e5385efd7064cb1d54c94960acae) Importer(815301076,1909f56bfc062723c751e8b465ee728b)
Start importing Packages/com.unity.cinemachine/Runtime/Behaviours/CinemachinePath.cs using Guid(2d37e5385efd7064cb1d54c94960acae) Importer(815301076,1909f56bfc062723c751e8b465ee728b)  -> (artifact id: '1fe9dc499fab4d5cb28b774cbf08fe47') in 0.006535 seconds 
  Import took 0.010021 seconds .

========================================================================
Received Import Request.
  Time since last request: 0.000996 seconds.
  path: Packages/com.unity.cinemachine/Runtime/Behaviours/CinemachinePath.cs
  artifactKey: Guid(2d37e5385efd7064cb1d54c94960acae) Importer(815301076,1909f56bfc062723c751e8b465ee728b)
Start importing Packages/com.unity.cinemachine/Runtime/Behaviours/CinemachinePath.cs using Guid(2d37e5385efd7064cb1d54c94960acae) Importer(815301076,1909f56bfc062723c751e8b465ee728b)  -> (artifact id: '1fe9dc499fab4d5cb28b774cbf08fe47') in 0.002377 seconds 
  Import took 0.005267 seconds .

========================================================================
Received Import Request.
  Time since last request: 0.208729 seconds.
  path: Packages/com.unity.cinemachine/Runtime/Behaviours/CinemachinePipeline.cs
  artifactKey: Guid(ac0b09e7857660247b1477e93731de29) Importer(815301076,1909f56bfc062723c751e8b465ee728b)
Start importing Packages/com.unity.cinemachine/Runtime/Behaviours/CinemachinePipeline.cs using Guid(ac0b09e7857660247b1477e93731de29) Importer(815301076,1909f56bfc062723c751e8b465ee728b)  -> (artifact id: '17795918919b00374000b295e4a850b7') in 0.006453 seconds 
  Import took 0.009809 seconds .

========================================================================
Received Import Request.
  Time since last request: 0.227294 seconds.
  path: Packages/com.unity.cinemachine/Runtime/Behaviours/CinemachinePixelPerfect.cs
  artifactKey: Guid(1a8a05de0ac134f4f9d01bef6b9da077) Importer(815301076,1909f56bfc062723c751e8b465ee728b)
Start importing Packages/com.unity.cinemachine/Runtime/Behaviours/CinemachinePixelPerfect.cs using Guid(1a8a05de0ac134f4f9d01bef6b9da077) Importer(815301076,1909f56bfc062723c751e8b465ee728b)  -> (artifact id: 'cdf1ceae8b7b3708523948cf025cb3f5') in 0.006307 seconds 
  Import took 0.009715 seconds .

========================================================================
Received Import Request.
  Time since last request: 0.000987 seconds.
  path: Packages/com.unity.cinemachine/Runtime/Behaviours/CinemachinePixelPerfect.cs
  artifactKey: Guid(1a8a05de0ac134f4f9d01bef6b9da077) Importer(815301076,1909f56bfc062723c751e8b465ee728b)
Start importing Packages/com.unity.cinemachine/Runtime/Behaviours/CinemachinePixelPerfect.cs using Guid(1a8a05de0ac134f4f9d01bef6b9da077) Importer(815301076,1909f56bfc062723c751e8b465ee728b)  -> (artifact id: 'cdf1ceae8b7b3708523948cf025cb3f5') in 0.002332 seconds 
  Import took 0.004950 seconds .

========================================================================
Received Import Request.
  Time since last request: 0.279233 seconds.
  path: Packages/com.unity.cinemachine/Runtime/Behaviours/CinemachineRecomposer.cs
  artifactKey: Guid(0544e7b14d134a1449e61175446cfb95) Importer(815301076,1909f56bfc062723c751e8b465ee728b)
Start importing Packages/com.unity.cinemachine/Runtime/Behaviours/CinemachineRecomposer.cs using Guid(0544e7b14d134a1449e61175446cfb95) Importer(815301076,1909f56bfc062723c751e8b465ee728b)  -> (artifact id: '0ff46640120ed3400cf8cef89ccfdb30') in 0.006367 seconds 
  Import took 0.009987 seconds .

========================================================================
Received Import Request.
  Time since last request: 0.001466 seconds.
  path: Packages/com.unity.cinemachine/Runtime/Behaviours/CinemachineRecomposer.cs
  artifactKey: Guid(0544e7b14d134a1449e61175446cfb95) Importer(815301076,1909f56bfc062723c751e8b465ee728b)
Start importing Packages/com.unity.cinemachine/Runtime/Behaviours/CinemachineRecomposer.cs using Guid(0544e7b14d134a1449e61175446cfb95) Importer(815301076,1909f56bfc062723c751e8b465ee728b)  -> (artifact id: '0ff46640120ed3400cf8cef89ccfdb30') in 0.002223 seconds 
  Import took 0.005432 seconds .

========================================================================
Received Import Request.
  Time since last request: 0.265313 seconds.
  path: Packages/com.unity.cinemachine/Runtime/Behaviours/CinemachineSmoothPath.cs
  artifactKey: Guid(a200b19ca1a9685429ed7e043c28e904) Importer(815301076,1909f56bfc062723c751e8b465ee728b)
Start importing Packages/com.unity.cinemachine/Runtime/Behaviours/CinemachineSmoothPath.cs using Guid(a200b19ca1a9685429ed7e043c28e904) Importer(815301076,1909f56bfc062723c751e8b465ee728b)  -> (artifact id: 'b69c3d0e62bbd07e76e6e356b02fa1ee') in 0.006222 seconds 
  Import took 0.009723 seconds .

========================================================================
Received Import Request.
  Time since last request: 0.235792 seconds.
  path: Packages/com.unity.cinemachine/Runtime/Behaviours/CinemachineStateDrivenCamera.cs
  artifactKey: Guid(325a6a3050a061e4b8aa51386c30e8e1) Importer(815301076,1909f56bfc062723c751e8b465ee728b)
Start importing Packages/com.unity.cinemachine/Runtime/Behaviours/CinemachineStateDrivenCamera.cs using Guid(325a6a3050a061e4b8aa51386c30e8e1) Importer(815301076,1909f56bfc062723c751e8b465ee728b)  -> (artifact id: '4473f808e42ca5ebd86b711808032c9f') in 0.007475 seconds 
  Import took 0.010883 seconds .

========================================================================
Received Import Request.
  Time since last request: 0.000578 seconds.
  path: Packages/com.unity.cinemachine/Runtime/Behaviours/CinemachineStateDrivenCamera.cs
  artifactKey: Guid(325a6a3050a061e4b8aa51386c30e8e1) Importer(815301076,1909f56bfc062723c751e8b465ee728b)
Start importing Packages/com.unity.cinemachine/Runtime/Behaviours/CinemachineStateDrivenCamera.cs using Guid(325a6a3050a061e4b8aa51386c30e8e1) Importer(815301076,1909f56bfc062723c751e8b465ee728b)  -> (artifact id: '4473f808e42ca5ebd86b711808032c9f') in 0.002318 seconds 
  Import took 0.005575 seconds .

========================================================================
Received Import Request.
  Time since last request: 0.326550 seconds.
  path: Packages/com.unity.cinemachine/Runtime/Behaviours/CinemachineStoryboard.cs
  artifactKey: Guid(82e62c82b3be64042ac529dee964cc2f) Importer(815301076,1909f56bfc062723c751e8b465ee728b)
Start importing Packages/com.unity.cinemachine/Runtime/Behaviours/CinemachineStoryboard.cs using Guid(82e62c82b3be64042ac529dee964cc2f) Importer(815301076,1909f56bfc062723c751e8b465ee728b)  -> (artifact id: '51106247c9018f987f5ece59f4b5e455') in 0.007268 seconds 
  Import took 0.010784 seconds .

========================================================================
Received Import Request.
  Time since last request: 0.213428 seconds.
  path: Packages/com.unity.cinemachine/Runtime/Behaviours/CinemachineTargetGroup.cs
  artifactKey: Guid(e5eb80d8e62d9d145bb50fb783c0f731) Importer(815301076,1909f56bfc062723c751e8b465ee728b)
Start importing Packages/com.unity.cinemachine/Runtime/Behaviours/CinemachineTargetGroup.cs using Guid(e5eb80d8e62d9d145bb50fb783c0f731) Importer(815301076,1909f56bfc062723c751e8b465ee728b)  -> (artifact id: '1035681348b97babda9f82ffdd6aaea7') in 0.006248 seconds 
  Import took 0.009770 seconds .

========================================================================
Received Import Request.
  Time since last request: 0.233028 seconds.
  path: Packages/com.unity.cinemachine/Runtime/Behaviours/CinemachineVirtualCamera.cs
  artifactKey: Guid(45e653bab7fb20e499bda25e1b646fea) Importer(815301076,1909f56bfc062723c751e8b465ee728b)
Start importing Packages/com.unity.cinemachine/Runtime/Behaviours/CinemachineVirtualCamera.cs using Guid(45e653bab7fb20e499bda25e1b646fea) Importer(815301076,1909f56bfc062723c751e8b465ee728b)  -> (artifact id: '0ec0ef5dcea8c254bf4402ab0446fde0') in 0.006317 seconds 
  Import took 0.009715 seconds .

========================================================================
Received Import Request.
  Time since last request: 0.001357 seconds.
  path: Packages/com.unity.cinemachine/Runtime/Behaviours/CinemachineVirtualCamera.cs
  artifactKey: Guid(45e653bab7fb20e499bda25e1b646fea) Importer(815301076,1909f56bfc062723c751e8b465ee728b)
Start importing Packages/com.unity.cinemachine/Runtime/Behaviours/CinemachineVirtualCamera.cs using Guid(45e653bab7fb20e499bda25e1b646fea) Importer(815301076,1909f56bfc062723c751e8b465ee728b)  -> (artifact id: '0ec0ef5dcea8c254bf4402ab0446fde0') in 0.002772 seconds 
  Import took 0.006189 seconds .

========================================================================
Received Import Request.
  Time since last request: 0.237752 seconds.
  path: Packages/com.unity.cinemachine/Runtime/Components
  artifactKey: Guid(0fafdc3d4f989ff48803e7d870539b41) Importer(815301076,1909f56bfc062723c751e8b465ee728b)
Start importing Packages/com.unity.cinemachine/Runtime/Components using Guid(0fafdc3d4f989ff48803e7d870539b41) Importer(815301076,1909f56bfc062723c751e8b465ee728b)  -> (artifact id: '553f42b62491f6e24079341b4e6aae4c') in 0.006360 seconds 
  Import took 0.009743 seconds .

========================================================================
Received Import Request.
  Time since last request: 12.150107 seconds.
  path: Packages/com.unity.cinemachine/Runtime/com.unity.cinemachine.asmdef
  artifactKey: Guid(4307f53044263cf4b835bd812fc161a4) Importer(815301076,1909f56bfc062723c751e8b465ee728b)
Start importing Packages/com.unity.cinemachine/Runtime/com.unity.cinemachine.asmdef using Guid(4307f53044263cf4b835bd812fc161a4) Importer(815301076,1909f56bfc062723c751e8b465ee728b)  -> (artifact id: 'ab7e48d02d2c5cfb072639ae2d9690cb') in 0.008735 seconds 
  Import took 0.012177 seconds .

========================================================================
Received Import Request.
  Time since last request: 0.000231 seconds.
  path: Packages/com.unity.cinemachine/Editor/com.unity.cinemachine.Editor.asmdef
  artifactKey: Guid(ba8c092d026123a418fb4bfb797a7bd8) Importer(815301076,1909f56bfc062723c751e8b465ee728b)
Start importing Packages/com.unity.cinemachine/Editor/com.unity.cinemachine.Editor.asmdef using Guid(ba8c092d026123a418fb4bfb797a7bd8) Importer(815301076,1909f56bfc062723c751e8b465ee728b)  -> (artifact id: 'ad9819e719b4d3172ad9d6343e0cca1e') in 0.006546 seconds 
  Import took 0.009547 seconds .

========================================================================
Received Import Request.
  Time since last request: 0.000193 seconds.
  path: Packages/com.unity.cinemachine/Tests/Runtime/com.unity.cinemachine.Tests.asmdef
  artifactKey: Guid(8ba1cf4afa640804e94ba034367104ab) Importer(815301076,1909f56bfc062723c751e8b465ee728b)
Start importing Packages/com.unity.cinemachine/Tests/Runtime/com.unity.cinemachine.Tests.asmdef using Guid(8ba1cf4afa640804e94ba034367104ab) Importer(815301076,1909f56bfc062723c751e8b465ee728b)  -> (artifact id: 'e4f4f841aa207f49f5f31f8c47299fd7') in 0.006072 seconds 
  Import took 0.009069 seconds .

========================================================================
Received Import Request.
  Time since last request: 0.000213 seconds.
  path: Packages/com.unity.cinemachine/Editor/com.unity.cinemachine.Editor.asmdef
  artifactKey: Guid(ba8c092d026123a418fb4bfb797a7bd8) Importer(815301076,1909f56bfc062723c751e8b465ee728b)
Start importing Packages/com.unity.cinemachine/Editor/com.unity.cinemachine.Editor.asmdef using Guid(ba8c092d026123a418fb4bfb797a7bd8) Importer(815301076,1909f56bfc062723c751e8b465ee728b)  -> (artifact id: 'ad9819e719b4d3172ad9d6343e0cca1e') in 0.002409 seconds 
  Import took 0.005838 seconds .

========================================================================
Received Import Request.
  Time since last request: 0.000220 seconds.
  path: Packages/com.unity.cinemachine/Runtime/com.unity.cinemachine.asmdef
  artifactKey: Guid(4307f53044263cf4b835bd812fc161a4) Importer(815301076,1909f56bfc062723c751e8b465ee728b)
Start importing Packages/com.unity.cinemachine/Runtime/com.unity.cinemachine.asmdef using Guid(4307f53044263cf4b835bd812fc161a4) Importer(815301076,1909f56bfc062723c751e8b465ee728b)  -> (artifact id: 'ab7e48d02d2c5cfb072639ae2d9690cb') in 0.002190 seconds 
  Import took 0.005383 seconds .

========================================================================
Received Import Request.
  Time since last request: 0.000234 seconds.
  path: Packages/com.unity.cinemachine/Tests/Editor/com.unity.cinemachine.EditorTests.asmdef
  artifactKey: Guid(d5ada0dcd11a06049936072bb3b3ed73) Importer(815301076,1909f56bfc062723c751e8b465ee728b)
Start importing Packages/com.unity.cinemachine/Tests/Editor/com.unity.cinemachine.EditorTests.asmdef using Guid(d5ada0dcd11a06049936072bb3b3ed73) Importer(815301076,1909f56bfc062723c751e8b465ee728b)  -> (artifact id: '461ac7523ee382039eab818fe08f87a5') in 0.005914 seconds 
  Import took 0.009196 seconds .

========================================================================
Received Import Request.
  Time since last request: 1.615554 seconds.
  path: Packages/com.unity.cinemachine/Runtime/PostProcessing/CinemachineVolumeSettings.cs
  artifactKey: Guid(449ef5ebbe24720439ec31d15f7b6f3d) Importer(815301076,1909f56bfc062723c751e8b465ee728b)
Start importing Packages/com.unity.cinemachine/Runtime/PostProcessing/CinemachineVolumeSettings.cs using Guid(449ef5ebbe24720439ec31d15f7b6f3d) Importer(815301076,1909f56bfc062723c751e8b465ee728b)  -> (artifact id: '84461c657900c62c840c460fd47922b7') in 0.006539 seconds 
  Import took 0.010060 seconds .

========================================================================
Received Import Request.
  Time since last request: 0.000286 seconds.
  path: Packages/com.unity.cinemachine/Runtime/PostProcessing/CinemachineVolumeSettings.cs
  artifactKey: Guid(449ef5ebbe24720439ec31d15f7b6f3d) Importer(815301076,1909f56bfc062723c751e8b465ee728b)
Start importing Packages/com.unity.cinemachine/Runtime/PostProcessing/CinemachineVolumeSettings.cs using Guid(449ef5ebbe24720439ec31d15f7b6f3d) Importer(815301076,1909f56bfc062723c751e8b465ee728b)  -> (artifact id: '84461c657900c62c840c460fd47922b7') in 0.002251 seconds 
  Import took 0.004878 seconds .

========================================================================
Received Prepare
Registering precompiled user dll's ...
Registered in 0.005745 seconds.
Begin MonoManager ReloadAssembly
Native extension for WindowsStandalone target not found
Native extension for WebGL target not found
Refreshing native plugins compatible for Editor in 0.53 ms, found 3 plugins.
Preloading 0 native plugins for Editor in 0.00 ms.
Mono: successfully reloaded assembly
- Completed reload, in  0.900 seconds
Platform modules already initialized, skipping
Refreshing native plugins compatible for Editor in 0.50 ms, found 3 plugins.
Preloading 0 native plugins for Editor in 0.00 ms.
Unloading 2219 Unused Serialized files (Serialized files now loaded: 0)
System memory in use before: 98.0 MB.
System memory in use after: 98.1 MB.

Unloading 17 unused Assets to reduce memory usage. Loaded Objects now: 2678.
Total: 1.943300 ms (FindLiveObjects: 0.192500 ms CreateObjectMapping: 0.047300 ms MarkObjects: 1.688800 ms  DeleteObjects: 0.013700 ms)

AssetImportParameters requested are different than current active one (requested -> active):
  custom:framework-win-MediaFoundation: 216162199b28c13a410421893ffa2e32 -> 
  custom:video-decoder-ogg-theora: a1e56fd34408186e4bbccfd4996cb3dc -> 
  custom:container-muxer-webm: aa71ff27fc2769a1b78a27578f13a17b -> 
  custom:container-demuxer-webm: 4f35f7cbe854078d1ac9338744f61a02 -> 
  custom:container-demuxer-ogg: 62fdf1f143b41e24485cea50d1cbac27 -> 
  custom:video-encoder-webm-vp8: eb34c28f22e8b96e1ab97ce403110664 -> 
  custom:video-decoder-webm-vp8: 9c59270c3fd7afecdb556c50c9e8de78 -> 
  custom:audio-decoder-ogg-vorbis: bf7c407c2cedff20999df2af8eb42d56 -> 
  custom:audio-encoder-webm-vorbis: bf7c407c2cedff20999df2af8eb42d56 -> 
========================================================================
Received Prepare
Registering precompiled user dll's ...
Registered in 0.005372 seconds.
Begin MonoManager ReloadAssembly
Native extension for WindowsStandalone target not found
Native extension for WebGL target not found
Refreshing native plugins compatible for Editor in 0.54 ms, found 3 plugins.
Preloading 0 native plugins for Editor in 0.00 ms.
Mono: successfully reloaded assembly
- Completed reload, in  0.913 seconds
Platform modules already initialized, skipping
Refreshing native plugins compatible for Editor in 0.51 ms, found 3 plugins.
Preloading 0 native plugins for Editor in 0.00 ms.
Unloading 2219 Unused Serialized files (Serialized files now loaded: 0)
System memory in use before: 98.0 MB.
System memory in use after: 98.1 MB.

Unloading 17 unused Assets to reduce memory usage. Loaded Objects now: 2682.
Total: 2.276300 ms (FindLiveObjects: 0.207100 ms CreateObjectMapping: 0.048400 ms MarkObjects: 2.005900 ms  DeleteObjects: 0.014000 ms)

AssetImportParameters requested are different than current active one (requested -> active):
  custom:framework-win-MediaFoundation: 216162199b28c13a410421893ffa2e32 -> 
  custom:video-decoder-ogg-theora: a1e56fd34408186e4bbccfd4996cb3dc -> 
  custom:container-muxer-webm: aa71ff27fc2769a1b78a27578f13a17b -> 
  custom:container-demuxer-webm: 4f35f7cbe854078d1ac9338744f61a02 -> 
  custom:container-demuxer-ogg: 62fdf1f143b41e24485cea50d1cbac27 -> 
  custom:video-encoder-webm-vp8: eb34c28f22e8b96e1ab97ce403110664 -> 
  custom:video-decoder-webm-vp8: 9c59270c3fd7afecdb556c50c9e8de78 -> 
  custom:audio-decoder-ogg-vorbis: bf7c407c2cedff20999df2af8eb42d56 -> 
  custom:audio-encoder-webm-vorbis: bf7c407c2cedff20999df2af8eb42d56 -> 
========================================================================
Received Prepare
Registering precompiled user dll's ...
Registered in 0.006615 seconds.
Begin MonoManager ReloadAssembly
Native extension for WindowsStandalone target not found
Native extension for WebGL target not found
Refreshing native plugins compatible for Editor in 0.53 ms, found 3 plugins.
Preloading 0 native plugins for Editor in 0.00 ms.
Mono: successfully reloaded assembly
- Completed reload, in  0.952 seconds
Platform modules already initialized, skipping
Refreshing native plugins compatible for Editor in 0.52 ms, found 3 plugins.
Preloading 0 native plugins for Editor in 0.00 ms.
Unloading 2219 Unused Serialized files (Serialized files now loaded: 0)
System memory in use before: 98.0 MB.
System memory in use after: 98.2 MB.

Unloading 17 unused Assets to reduce memory usage. Loaded Objects now: 2686.
Total: 1.991100 ms (FindLiveObjects: 0.231900 ms CreateObjectMapping: 0.049000 ms MarkObjects: 1.694700 ms  DeleteObjects: 0.014200 ms)

AssetImportParameters requested are different than current active one (requested -> active):
  custom:framework-win-MediaFoundation: 216162199b28c13a410421893ffa2e32 -> 
  custom:video-decoder-ogg-theora: a1e56fd34408186e4bbccfd4996cb3dc -> 
  custom:container-muxer-webm: aa71ff27fc2769a1b78a27578f13a17b -> 
  custom:container-demuxer-webm: 4f35f7cbe854078d1ac9338744f61a02 -> 
  custom:container-demuxer-ogg: 62fdf1f143b41e24485cea50d1cbac27 -> 
  custom:video-encoder-webm-vp8: eb34c28f22e8b96e1ab97ce403110664 -> 
  custom:video-decoder-webm-vp8: 9c59270c3fd7afecdb556c50c9e8de78 -> 
  custom:audio-decoder-ogg-vorbis: bf7c407c2cedff20999df2af8eb42d56 -> 
  custom:audio-encoder-webm-vorbis: bf7c407c2cedff20999df2af8eb42d56 -> 
========================================================================
Received Import Request.
  Time since last request: 1611.164431 seconds.
  path: ProjectSettings/TagManager.asset
  artifactKey: Guid(00000000000000003000000000000000) Importer(815301076,1909f56bfc062723c751e8b465ee728b)
Start importing ProjectSettings/TagManager.asset using Guid(00000000000000003000000000000000) Importer(815301076,1909f56bfc062723c751e8b465ee728b)  -> (artifact id: '610e0ef75004796f4083f81a3f336b20') in 0.023193 seconds 
  Import took 0.027051 seconds .

========================================================================
Received Prepare
Registering precompiled user dll's ...
Registered in 0.005693 seconds.
Begin MonoManager ReloadAssembly
Native extension for WindowsStandalone target not found
Native extension for WebGL target not found
Refreshing native plugins compatible for Editor in 0.52 ms, found 3 plugins.
Preloading 0 native plugins for Editor in 0.00 ms.
Mono: successfully reloaded assembly
- Completed reload, in  0.922 seconds
Platform modules already initialized, skipping
Refreshing native plugins compatible for Editor in 0.54 ms, found 3 plugins.
Preloading 0 native plugins for Editor in 0.00 ms.
Unloading 2219 Unused Serialized files (Serialized files now loaded: 0)
System memory in use before: 98.1 MB.
System memory in use after: 98.2 MB.

Unloading 18 unused Assets to reduce memory usage. Loaded Objects now: 2690.
Total: 1.998200 ms (FindLiveObjects: 0.212200 ms CreateObjectMapping: 0.047400 ms MarkObjects: 1.722200 ms  DeleteObjects: 0.015400 ms)

AssetImportParameters requested are different than current active one (requested -> active):
  custom:framework-win-MediaFoundation: 216162199b28c13a410421893ffa2e32 -> 
  custom:video-decoder-ogg-theora: a1e56fd34408186e4bbccfd4996cb3dc -> 
  custom:container-muxer-webm: aa71ff27fc2769a1b78a27578f13a17b -> 
  custom:container-demuxer-webm: 4f35f7cbe854078d1ac9338744f61a02 -> 
  custom:container-demuxer-ogg: 62fdf1f143b41e24485cea50d1cbac27 -> 
  custom:video-encoder-webm-vp8: eb34c28f22e8b96e1ab97ce403110664 -> 
  custom:video-decoder-webm-vp8: 9c59270c3fd7afecdb556c50c9e8de78 -> 
  custom:audio-decoder-ogg-vorbis: bf7c407c2cedff20999df2af8eb42d56 -> 
  custom:audio-encoder-webm-vorbis: bf7c407c2cedff20999df2af8eb42d56 -> 
========================================================================
Received Prepare
Registering precompiled user dll's ...
Registered in 0.005477 seconds.
Begin MonoManager ReloadAssembly
Native extension for WindowsStandalone target not found
Native extension for WebGL target not found
Refreshing native plugins compatible for Editor in 0.51 ms, found 3 plugins.
Preloading 0 native plugins for Editor in 0.00 ms.
Mono: successfully reloaded assembly
- Completed reload, in  0.934 seconds
Platform modules already initialized, skipping
Refreshing native plugins compatible for Editor in 0.52 ms, found 3 plugins.
Preloading 0 native plugins for Editor in 0.00 ms.
Unloading 2219 Unused Serialized files (Serialized files now loaded: 0)
System memory in use before: 98.0 MB.
System memory in use after: 98.1 MB.

Unloading 17 unused Assets to reduce memory usage. Loaded Objects now: 2694.
Total: 2.101100 ms (FindLiveObjects: 0.247400 ms CreateObjectMapping: 0.054700 ms MarkObjects: 1.783900 ms  DeleteObjects: 0.014300 ms)

AssetImportParameters requested are different than current active one (requested -> active):
  custom:framework-win-MediaFoundation: 216162199b28c13a410421893ffa2e32 -> 
  custom:video-decoder-ogg-theora: a1e56fd34408186e4bbccfd4996cb3dc -> 
  custom:container-muxer-webm: aa71ff27fc2769a1b78a27578f13a17b -> 
  custom:container-demuxer-webm: 4f35f7cbe854078d1ac9338744f61a02 -> 
  custom:container-demuxer-ogg: 62fdf1f143b41e24485cea50d1cbac27 -> 
  custom:video-encoder-webm-vp8: eb34c28f22e8b96e1ab97ce403110664 -> 
  custom:video-decoder-webm-vp8: 9c59270c3fd7afecdb556c50c9e8de78 -> 
  custom:audio-decoder-ogg-vorbis: bf7c407c2cedff20999df2af8eb42d56 -> 
  custom:audio-encoder-webm-vorbis: bf7c407c2cedff20999df2af8eb42d56 -> 
========================================================================
Received Import Request.
  Time since last request: 150.689475 seconds.
  path: Assets/Art/Sprites/VFX/ParticleSpriteAtlas.png
  artifactKey: Guid(bb5bb2f184426a64cac53faa220820f5) Importer(815301076,1909f56bfc062723c751e8b465ee728b)
Start importing Assets/Art/Sprites/VFX/ParticleSpriteAtlas.png using Guid(bb5bb2f184426a64cac53faa220820f5) Importer(815301076,1909f56bfc062723c751e8b465ee728b)  -> (artifact id: 'bac4c61640519f0c2496989391d2f36c') in 0.083293 seconds 
  Import took 0.088813 seconds .

========================================================================
Received Import Request.
  Time since last request: 24.924238 seconds.
  path: Assets/Art/Sprites/VFX/ParticleSpriteAtlas.png
  artifactKey: Guid(bb5bb2f184426a64cac53faa220820f5) Importer(815301076,1909f56bfc062723c751e8b465ee728b)
Start importing Assets/Art/Sprites/VFX/ParticleSpriteAtlas.png using Guid(bb5bb2f184426a64cac53faa220820f5) Importer(815301076,1909f56bfc062723c751e8b465ee728b)  -> (artifact id: '08ec6fa27403c12514ba376ba8130906') in 0.009430 seconds 
  Import took 0.013031 seconds .

========================================================================
Received Import Request.
  Time since last request: 24.954868 seconds.
  path: Assets/Art/Sprites/VFX/ParticleSpriteAtlas.png
  artifactKey: Guid(bb5bb2f184426a64cac53faa220820f5) Importer(815301076,1909f56bfc062723c751e8b465ee728b)
Start importing Assets/Art/Sprites/VFX/ParticleSpriteAtlas.png using Guid(bb5bb2f184426a64cac53faa220820f5) Importer(815301076,1909f56bfc062723c751e8b465ee728b)  -> (artifact id: '0a0cb22206e98ba2120f27a1f7f63137') in 0.022560 seconds 
  Import took 0.026242 seconds .

========================================================================
Received Import Request.
  Time since last request: 5.139246 seconds.
  path: Assets/Art/Sprites/VFX/Shadow.png
  artifactKey: Guid(2473a1005c3459b479fdb52a47447363) Importer(815301076,1909f56bfc062723c751e8b465ee728b)
Start importing Assets/Art/Sprites/VFX/Shadow.png using Guid(2473a1005c3459b479fdb52a47447363) Importer(815301076,1909f56bfc062723c751e8b465ee728b)  -> (artifact id: '46e96a75a83e987a782543fd9b0be177') in 0.015574 seconds 
  Import took 0.019270 seconds .

========================================================================
Received Import Request.
  Time since last request: 0.000641 seconds.
  path: Assets/Art/Sprites/VFX/Shadow.png
  artifactKey: Guid(2473a1005c3459b479fdb52a47447363) Importer(815301076,1909f56bfc062723c751e8b465ee728b)
Start importing Assets/Art/Sprites/VFX/Shadow.png using Guid(2473a1005c3459b479fdb52a47447363) Importer(815301076,1909f56bfc062723c751e8b465ee728b)  -> (artifact id: '46e96a75a83e987a782543fd9b0be177') in 0.008222 seconds 
  Import took 0.011737 seconds .

